<?xml version="1.0" encoding="UTF-8"?>
<!-- Generated by org.testng.reporters.JUnitXMLReporter -->
<testsuite ignored="1" hostname="DESKTOP-MS6EFG8" failures="0" tests="1" name="Default test" time="0.357" errors="0" timestamp="2023-04-06T21:53:20 IST">
  <testcase classname="test.DataDriverSample" name="readFromExcel" time="0.339"/>
  <testcase classname="test.DataDriverSample" name="excelFileCreation" time="0.0">
    <ignored/>
  </testcase> <!-- excelFileCreation -->
</testsuite> <!-- Default test -->
