<?xml version="1.0" encoding="UTF-8"?>
<testng-results ignored="1" total="2" passed="1" failed="0" skipped="0">
  <reporter-output>
  </reporter-output>
  <suite started-at="2023-04-06T21:53:20 IST" name="Default suite" finished-at="2023-04-06T21:53:20 IST" duration-ms="357">
    <groups>
    </groups>
    <test started-at="2023-04-06T21:53:20 IST" name="Default test" finished-at="2023-04-06T21:53:20 IST" duration-ms="357">
      <class name="test.DataDriverSample">
        <test-method signature="readFromExcel()[pri:0, instance:test.DataDriverSample@3d74bf60]" started-at="2023-04-06T21:53:20 IST" name="readFromExcel" finished-at="2023-04-06T21:53:20 IST" duration-ms="339" status="PASS">
          <reporter-output>
          </reporter-output>
        </test-method> <!-- readFromExcel -->
      </class> <!-- test.DataDriverSample -->
    </test> <!-- Default test -->
  </suite> <!-- Default suite -->
</testng-results>
